Command line invocation:
    /Applications/Xcode.app/Contents/Developer/usr/bin/xcodebuild test -scheme Roots -destination platform=macOS

--- xcodebuild: WARNING: Using the first of multiple matching destinations:
{ platform:macOS, arch:arm64, id:00008122-000C6182217A001C, name:My Mac }
{ platform:macOS, arch:x86_64, id:00008122-000C6182217A001C, name:My Mac }
ComputePackagePrebuildTargetDependencyGraph

Prepare packages

CreateBuildRequest

SendProjectDescription

CreateBuildOperation

ComputeTargetDependencyGraph
note: Building targets in dependency order
note: Target dependency graph (3 targets)
    Target 'RootsUITests' in project 'Roots'
        ➜ Explicit dependency on target 'Roots' in project 'Roots'
    Target 'RootsTests' in project 'Roots'
        ➜ Explicit dependency on target 'Roots' in project 'Roots'
    Target 'Roots' in project 'Roots' (no dependencies)

GatherProvisioningInputs

CreateBuildDescription

ExecuteExternalTool /Applications/Xcode.app/Contents/Developer/Toolchains/XcodeDefault.xctoolchain/usr/bin/clang -v -E -dM -isysroot /Applications/Xcode.app/Contents/Developer/Platforms/MacOSX.platform/Developer/SDKs/MacOSX26.1.sdk -x c -c /dev/null

ExecuteExternalTool /Applications/Xcode.app/Contents/Developer/Toolchains/XcodeDefault.xctoolchain/usr/bin/swiftc --version

ExecuteExternalTool /Applications/Xcode.app/Contents/Developer/usr/bin/actool --version --output-format xml1

ExecuteExternalTool /Applications/Xcode.app/Contents/Developer/Toolchains/XcodeDefault.xctoolchain/usr/bin/ld -version_details

Build description signature: 43aeecfcc065a1b4e02ec5da9b02a822
Build description path: /Users/clevelandlewis/Library/Developer/Xcode/DerivedData/Roots-gevhpbduqwkhrjccazmpeopgipgn/Build/Intermediates.noindex/XCBuildData/43aeecfcc065a1b4e02ec5da9b02a822.xcbuilddata
error: unable to attach DB: error: accessing build database "/Users/clevelandlewis/Library/Developer/Xcode/DerivedData/Roots-gevhpbduqwkhrjccazmpeopgipgn/Build/Intermediates.noindex/XCBuildData/build.db": database is locked Possibly there are two concurrent builds running in the same filesystem location.

Test session results, code coverage, and logs:
	/Users/clevelandlewis/Library/Developer/Xcode/DerivedData/Roots-gevhpbduqwkhrjccazmpeopgipgn/Logs/Test/Test-Roots-2025.12.09_15-18-42--0500.xcresult

Testing failed:
	unable to attach DB: error: accessing build database "/Users/clevelandlewis/Library/Developer/Xcode/DerivedData/Roots-gevhpbduqwkhrjccazmpeopgipgn/Build/Intermediates.noindex/XCBuildData/build.db": database is locked Possibly there are two concurrent builds running in the same filesystem location.
	Testing cancelled because the build failed.

** TEST FAILED **


The following build commands failed:
	Testing project Roots with scheme Roots
(1 failure)
