Command line invocation:
    /Applications/Xcode.app/Contents/Developer/usr/bin/xcodebuild test -scheme Roots -destination platform=macOS

--- xcodebuild: WARNING: Using the first of multiple matching destinations:
{ platform:macOS, arch:arm64, id:00008122-000C6182217A001C, name:My Mac }
{ platform:macOS, arch:x86_64, id:00008122-000C6182217A001C, name:My Mac }
ComputePackagePrebuildTargetDependencyGraph

Prepare packages

CreateBuildRequest

SendProjectDescription

CreateBuildOperation

ComputeTargetDependencyGraph
note: Building targets in dependency order
note: Target dependency graph (3 targets)
    Target 'RootsUITests' in project 'Roots'
        ➜ Explicit dependency on target 'Roots' in project 'Roots'
    Target 'RootsTests' in project 'Roots'
        ➜ Explicit dependency on target 'Roots' in project 'Roots'
    Target 'Roots' in project 'Roots' (no dependencies)

GatherProvisioningInputs

CreateBuildDescription

ExecuteExternalTool /Applications/Xcode.app/Contents/Developer/Toolchains/XcodeDefault.xctoolchain/usr/bin/clang -v -E -dM -isysroot /Applications/Xcode.app/Contents/Developer/Platforms/MacOSX.platform/Developer/SDKs/MacOSX26.1.sdk -x c -c /dev/null

ExecuteExternalTool /Applications/Xcode.app/Contents/Developer/Toolchains/XcodeDefault.xctoolchain/usr/bin/swiftc --version

ExecuteExternalTool /Applications/Xcode.app/Contents/Developer/usr/bin/actool --version --output-format xml1

ExecuteExternalTool /Applications/Xcode.app/Contents/Developer/Toolchains/XcodeDefault.xctoolchain/usr/bin/ld -version_details

Build description signature: 8bf90b691d858d02063685d3f6a1c3a0
Build description path: /Users/clevelandlewis/Library/Developer/Xcode/DerivedData/Roots-gevhpbduqwkhrjccazmpeopgipgn/Build/Intermediates.noindex/XCBuildData/8bf90b691d858d02063685d3f6a1c3a0.xcbuilddata
ClangStatCache /Applications/Xcode.app/Contents/Developer/Toolchains/XcodeDefault.xctoolchain/usr/bin/clang-stat-cache /Applications/Xcode.app/Contents/Developer/Platforms/MacOSX.platform/Developer/SDKs/MacOSX26.1.sdk /Users/clevelandlewis/Library/Developer/Xcode/DerivedData/SDKStatCaches.noindex/macosx26.1-25B74-3885c01c3e6b6a337905948deab2002e3ae1261907bdadc328169391a47051a6.sdkstatcache
    cd /Users/clevelandlewis/Desktop/Roots/Roots/Roots.xcodeproj
    /Applications/Xcode.app/Contents/Developer/Toolchains/XcodeDefault.xctoolchain/usr/bin/clang-stat-cache /Applications/Xcode.app/Contents/Developer/Platforms/MacOSX.platform/Developer/SDKs/MacOSX26.1.sdk -o /Users/clevelandlewis/Library/Developer/Xcode/DerivedData/SDKStatCaches.noindex/macosx26.1-25B74-3885c01c3e6b6a337905948deab2002e3ae1261907bdadc328169391a47051a6.sdkstatcache

MkDir /Users/clevelandlewis/Library/Developer/Xcode/DerivedData/Roots-gevhpbduqwkhrjccazmpeopgipgn/Build/Products/Debug/Roots.app/Contents/PlugIns/RootsTests.xctest (in target 'RootsTests' from project 'Roots')
    cd /Users/clevelandlewis/Desktop/Roots/Roots
    /bin/mkdir -p /Users/clevelandlewis/Library/Developer/Xcode/DerivedData/Roots-gevhpbduqwkhrjccazmpeopgipgn/Build/Products/Debug/Roots.app/Contents/PlugIns/RootsTests.xctest

MkDir /Users/clevelandlewis/Library/Developer/Xcode/DerivedData/Roots-gevhpbduqwkhrjccazmpeopgipgn/Build/Products/Debug/Roots.app/Contents/PlugIns/RootsTests.xctest/Contents (in target 'RootsTests' from project 'Roots')
    cd /Users/clevelandlewis/Desktop/Roots/Roots
    /bin/mkdir -p /Users/clevelandlewis/Library/Developer/Xcode/DerivedData/Roots-gevhpbduqwkhrjccazmpeopgipgn/Build/Products/Debug/Roots.app/Contents/PlugIns/RootsTests.xctest/Contents

MkDir /Users/clevelandlewis/Library/Developer/Xcode/DerivedData/Roots-gevhpbduqwkhrjccazmpeopgipgn/Build/Products/Debug/Roots.app/Contents/PlugIns/RootsTests.xctest/Contents/Resources (in target 'RootsTests' from project 'Roots')
    cd /Users/clevelandlewis/Desktop/Roots/Roots
    /bin/mkdir -p /Users/clevelandlewis/Library/Developer/Xcode/DerivedData/Roots-gevhpbduqwkhrjccazmpeopgipgn/Build/Products/Debug/Roots.app/Contents/PlugIns/RootsTests.xctest/Contents/Resources

MkDir /Users/clevelandlewis/Library/Developer/Xcode/DerivedData/Roots-gevhpbduqwkhrjccazmpeopgipgn/Build/Products/Debug/Roots.app/Contents/PlugIns/RootsTests.xctest/Contents/MacOS (in target 'RootsTests' from project 'Roots')
    cd /Users/clevelandlewis/Desktop/Roots/Roots
    /bin/mkdir -p /Users/clevelandlewis/Library/Developer/Xcode/DerivedData/Roots-gevhpbduqwkhrjccazmpeopgipgn/Build/Products/Debug/Roots.app/Contents/PlugIns/RootsTests.xctest/Contents/MacOS

MkDir /Users/clevelandlewis/Library/Developer/Xcode/DerivedData/Roots-gevhpbduqwkhrjccazmpeopgipgn/Build/Products/Debug/Roots.app/Contents/PlugIns (in target 'Roots' from project 'Roots')
    cd /Users/clevelandlewis/Desktop/Roots/Roots
    /bin/mkdir -p /Users/clevelandlewis/Library/Developer/Xcode/DerivedData/Roots-gevhpbduqwkhrjccazmpeopgipgn/Build/Products/Debug/Roots.app/Contents/PlugIns

MkDir /Users/clevelandlewis/Library/Developer/Xcode/DerivedData/Roots-gevhpbduqwkhrjccazmpeopgipgn/Build/Products/Debug/Roots.app/Contents/Frameworks (in target 'Roots' from project 'Roots')
    cd /Users/clevelandlewis/Desktop/Roots/Roots
    /bin/mkdir -p /Users/clevelandlewis/Library/Developer/Xcode/DerivedData/Roots-gevhpbduqwkhrjccazmpeopgipgn/Build/Products/Debug/Roots.app/Contents/Frameworks

ProcessProductPackaging "" /Users/clevelandlewis/Library/Developer/Xcode/DerivedData/Roots-gevhpbduqwkhrjccazmpeopgipgn/Build/Intermediates.noindex/Roots.build/Debug/Roots.build/Roots.app.xcent (in target 'Roots' from project 'Roots')
    cd /Users/clevelandlewis/Desktop/Roots/Roots
    
    Entitlements:
    
    {
    "com.apple.security.app-sandbox" = 1;
    "com.apple.security.automation.apple-events" = 1;
    "com.apple.security.files.user-selected.read-only" = 1;
    "com.apple.security.get-task-allow" = 1;
    "com.apple.security.personal-information.calendars" = 1;
}
    
    builtin-productPackagingUtility -entitlements -format xml -o /Users/clevelandlewis/Library/Developer/Xcode/DerivedData/Roots-gevhpbduqwkhrjccazmpeopgipgn/Build/Intermediates.noindex/Roots.build/Debug/Roots.build/Roots.app.xcent

ProcessProductPackagingDER /Users/clevelandlewis/Library/Developer/Xcode/DerivedData/Roots-gevhpbduqwkhrjccazmpeopgipgn/Build/Intermediates.noindex/Roots.build/Debug/Roots.build/Roots.app.xcent /Users/clevelandlewis/Library/Developer/Xcode/DerivedData/Roots-gevhpbduqwkhrjccazmpeopgipgn/Build/Intermediates.noindex/Roots.build/Debug/Roots.build/Roots.app.xcent.der (in target 'Roots' from project 'Roots')
    cd /Users/clevelandlewis/Desktop/Roots/Roots
    /usr/bin/derq query -f xml -i /Users/clevelandlewis/Library/Developer/Xcode/DerivedData/Roots-gevhpbduqwkhrjccazmpeopgipgn/Build/Intermediates.noindex/Roots.build/Debug/Roots.build/Roots.app.xcent -o /Users/clevelandlewis/Library/Developer/Xcode/DerivedData/Roots-gevhpbduqwkhrjccazmpeopgipgn/Build/Intermediates.noindex/Roots.build/Debug/Roots.build/Roots.app.xcent.der --raw

Ld /Users/clevelandlewis/Library/Developer/Xcode/DerivedData/Roots-gevhpbduqwkhrjccazmpeopgipgn/Build/Products/Debug/Roots.app/Contents/MacOS/__preview.dylib normal (in target 'Roots' from project 'Roots')
    cd /Users/clevelandlewis/Desktop/Roots/Roots
    /Applications/Xcode.app/Contents/Developer/Toolchains/XcodeDefault.xctoolchain/usr/bin/clang -Xlinker -reproducible -target arm64-apple-macos26.1 -dynamiclib -isysroot /Applications/Xcode.app/Contents/Developer/Platforms/MacOSX.platform/Developer/SDKs/MacOSX26.1.sdk -O0 -L/Users/clevelandlewis/Library/Developer/Xcode/DerivedData/Roots-gevhpbduqwkhrjccazmpeopgipgn/Build/Products/Debug -F/Users/clevelandlewis/Library/Developer/Xcode/DerivedData/Roots-gevhpbduqwkhrjccazmpeopgipgn/Build/Products/Debug -install_name @rpath/Roots.debug.dylib -rdynamic -Xlinker -no_deduplicate -Xlinker -debug_variant -Xlinker -dependency_info -Xlinker /Users/clevelandlewis/Library/Developer/Xcode/DerivedData/Roots-gevhpbduqwkhrjccazmpeopgipgn/Build/Intermediates.noindex/Roots.build/Debug/Roots.build/Objects-normal/arm64/Roots_dependency_info.dat -Xlinker -no_adhoc_codesign -o /Users/clevelandlewis/Library/Developer/Xcode/DerivedData/Roots-gevhpbduqwkhrjccazmpeopgipgn/Build/Products/Debug/Roots.app/Contents/MacOS/__preview.dylib

Copy /Users/clevelandlewis/Library/Developer/Xcode/DerivedData/Roots-gevhpbduqwkhrjccazmpeopgipgn/Build/Products/Debug/Roots.app/Contents/Frameworks/libXCTestSwiftSupport.dylib /Applications/Xcode.app/Contents/Developer/Platforms/MacOSX.platform/Developer/usr/lib/libXCTestSwiftSupport.dylib (in target 'Roots' from project 'Roots')
    cd /Users/clevelandlewis/Desktop/Roots/Roots
    builtin-copy -exclude .DS_Store -exclude CVS -exclude .svn -exclude .git -exclude .hg -exclude Headers -exclude PrivateHeaders -exclude Modules -exclude \*.tbd -resolve-src-symlinks /Applications/Xcode.app/Contents/Developer/Platforms/MacOSX.platform/Developer/usr/lib/libXCTestSwiftSupport.dylib /Users/clevelandlewis/Library/Developer/Xcode/DerivedData/Roots-gevhpbduqwkhrjccazmpeopgipgn/Build/Products/Debug/Roots.app/Contents/Frameworks

Copy /Users/clevelandlewis/Library/Developer/Xcode/DerivedData/Roots-gevhpbduqwkhrjccazmpeopgipgn/Build/Products/Debug/Roots.app/Contents/Frameworks/libXCTestBundleInject.dylib /Applications/Xcode.app/Contents/Developer/Platforms/MacOSX.platform/Developer/usr/lib/libXCTestBundleInject.dylib (in target 'Roots' from project 'Roots')
    cd /Users/clevelandlewis/Desktop/Roots/Roots
    builtin-copy -exclude .DS_Store -exclude CVS -exclude .svn -exclude .git -exclude .hg -exclude Headers -exclude PrivateHeaders -exclude Modules -exclude \*.tbd -resolve-src-symlinks /Applications/Xcode.app/Contents/Developer/Platforms/MacOSX.platform/Developer/usr/lib/libXCTestBundleInject.dylib /Users/clevelandlewis/Library/Developer/Xcode/DerivedData/Roots-gevhpbduqwkhrjccazmpeopgipgn/Build/Products/Debug/Roots.app/Contents/Frameworks

Copy /Users/clevelandlewis/Library/Developer/Xcode/DerivedData/Roots-gevhpbduqwkhrjccazmpeopgipgn/Build/Products/Debug/Roots.app/Contents/Frameworks/XCUnit.framework /Applications/Xcode.app/Contents/Developer/Platforms/MacOSX.platform/Developer/Library/PrivateFrameworks/XCUnit.framework (in target 'Roots' from project 'Roots')
    cd /Users/clevelandlewis/Desktop/Roots/Roots
    builtin-copy -exclude .DS_Store -exclude CVS -exclude .svn -exclude .git -exclude .hg -exclude Headers -exclude PrivateHeaders -exclude Modules -exclude \*.tbd -resolve-src-symlinks /Applications/Xcode.app/Contents/Developer/Platforms/MacOSX.platform/Developer/Library/PrivateFrameworks/XCUnit.framework /Users/clevelandlewis/Library/Developer/Xcode/DerivedData/Roots-gevhpbduqwkhrjccazmpeopgipgn/Build/Products/Debug/Roots.app/Contents/Frameworks

Copy /Users/clevelandlewis/Library/Developer/Xcode/DerivedData/Roots-gevhpbduqwkhrjccazmpeopgipgn/Build/Products/Debug/Roots.app/Contents/Frameworks/XCUIAutomation.framework /Applications/Xcode.app/Contents/Developer/Platforms/MacOSX.platform/Developer/Library/Frameworks/XCUIAutomation.framework (in target 'Roots' from project 'Roots')
    cd /Users/clevelandlewis/Desktop/Roots/Roots
    builtin-copy -exclude .DS_Store -exclude CVS -exclude .svn -exclude .git -exclude .hg -exclude Headers -exclude PrivateHeaders -exclude Modules -exclude \*.tbd -resolve-src-symlinks /Applications/Xcode.app/Contents/Developer/Platforms/MacOSX.platform/Developer/Library/Frameworks/XCUIAutomation.framework /Users/clevelandlewis/Library/Developer/Xcode/DerivedData/Roots-gevhpbduqwkhrjccazmpeopgipgn/Build/Products/Debug/Roots.app/Contents/Frameworks

Copy /Users/clevelandlewis/Library/Developer/Xcode/DerivedData/Roots-gevhpbduqwkhrjccazmpeopgipgn/Build/Products/Debug/Roots.app/Contents/Frameworks/XCTestSupport.framework /Applications/Xcode.app/Contents/Developer/Platforms/MacOSX.platform/Developer/Library/PrivateFrameworks/XCTestSupport.framework (in target 'Roots' from project 'Roots')
    cd /Users/clevelandlewis/Desktop/Roots/Roots
    builtin-copy -exclude .DS_Store -exclude CVS -exclude .svn -exclude .git -exclude .hg -exclude Headers -exclude PrivateHeaders -exclude Modules -exclude \*.tbd -resolve-src-symlinks /Applications/Xcode.app/Contents/Developer/Platforms/MacOSX.platform/Developer/Library/PrivateFrameworks/XCTestSupport.framework /Users/clevelandlewis/Library/Developer/Xcode/DerivedData/Roots-gevhpbduqwkhrjccazmpeopgipgn/Build/Products/Debug/Roots.app/Contents/Frameworks

Copy /Users/clevelandlewis/Library/Developer/Xcode/DerivedData/Roots-gevhpbduqwkhrjccazmpeopgipgn/Build/Products/Debug/Roots.app/Contents/Frameworks/XCTestCore.framework /Applications/Xcode.app/Contents/Developer/Platforms/MacOSX.platform/Developer/Library/PrivateFrameworks/XCTestCore.framework (in target 'Roots' from project 'Roots')
    cd /Users/clevelandlewis/Desktop/Roots/Roots
    builtin-copy -exclude .DS_Store -exclude CVS -exclude .svn -exclude .git -exclude .hg -exclude Headers -exclude PrivateHeaders -exclude Modules -exclude \*.tbd -resolve-src-symlinks /Applications/Xcode.app/Contents/Developer/Platforms/MacOSX.platform/Developer/Library/PrivateFrameworks/XCTestCore.framework /Users/clevelandlewis/Library/Developer/Xcode/DerivedData/Roots-gevhpbduqwkhrjccazmpeopgipgn/Build/Products/Debug/Roots.app/Contents/Frameworks

Copy /Users/clevelandlewis/Library/Developer/Xcode/DerivedData/Roots-gevhpbduqwkhrjccazmpeopgipgn/Build/Products/Debug/Roots.app/Contents/Frameworks/XCTest.framework /Applications/Xcode.app/Contents/Developer/Platforms/MacOSX.platform/Developer/Library/Frameworks/XCTest.framework (in target 'Roots' from project 'Roots')
    cd /Users/clevelandlewis/Desktop/Roots/Roots
    builtin-copy -exclude .DS_Store -exclude CVS -exclude .svn -exclude .git -exclude .hg -exclude Headers -exclude PrivateHeaders -exclude Modules -exclude \*.tbd -resolve-src-symlinks /Applications/Xcode.app/Contents/Developer/Platforms/MacOSX.platform/Developer/Library/Frameworks/XCTest.framework /Users/clevelandlewis/Library/Developer/Xcode/DerivedData/Roots-gevhpbduqwkhrjccazmpeopgipgn/Build/Products/Debug/Roots.app/Contents/Frameworks

Copy /Users/clevelandlewis/Library/Developer/Xcode/DerivedData/Roots-gevhpbduqwkhrjccazmpeopgipgn/Build/Products/Debug/Roots.app/Contents/Frameworks/XCTAutomationSupport.framework /Applications/Xcode.app/Contents/Developer/Platforms/MacOSX.platform/Developer/Library/PrivateFrameworks/XCTAutomationSupport.framework (in target 'Roots' from project 'Roots')
    cd /Users/clevelandlewis/Desktop/Roots/Roots
    builtin-copy -exclude .DS_Store -exclude CVS -exclude .svn -exclude .git -exclude .hg -exclude Headers -exclude PrivateHeaders -exclude Modules -exclude \*.tbd -resolve-src-symlinks /Applications/Xcode.app/Contents/Developer/Platforms/MacOSX.platform/Developer/Library/PrivateFrameworks/XCTAutomationSupport.framework /Users/clevelandlewis/Library/Developer/Xcode/DerivedData/Roots-gevhpbduqwkhrjccazmpeopgipgn/Build/Products/Debug/Roots.app/Contents/Frameworks

Copy /Users/clevelandlewis/Library/Developer/Xcode/DerivedData/Roots-gevhpbduqwkhrjccazmpeopgipgn/Build/Products/Debug/Roots.app/Contents/Frameworks/Testing.framework /Applications/Xcode.app/Contents/Developer/Platforms/MacOSX.platform/Developer/Library/Frameworks/Testing.framework (in target 'Roots' from project 'Roots')
    cd /Users/clevelandlewis/Desktop/Roots/Roots
    builtin-copy -exclude .DS_Store -exclude CVS -exclude .svn -exclude .git -exclude .hg -exclude Headers -exclude PrivateHeaders -exclude Modules -exclude \*.tbd -resolve-src-symlinks /Applications/Xcode.app/Contents/Developer/Platforms/MacOSX.platform/Developer/Library/Frameworks/Testing.framework /Users/clevelandlewis/Library/Developer/Xcode/DerivedData/Roots-gevhpbduqwkhrjccazmpeopgipgn/Build/Products/Debug/Roots.app/Contents/Frameworks

CodeSign /Users/clevelandlewis/Library/Developer/Xcode/DerivedData/Roots-gevhpbduqwkhrjccazmpeopgipgn/Build/Products/Debug/Roots.app/Contents/Frameworks/libXCTestSwiftSupport.dylib (in target 'Roots' from project 'Roots')
    cd /Users/clevelandlewis/Desktop/Roots/Roots
    
    Signing Identity:     "Apple Development: lewisclevelandiii@gmail.com (U6VM6BZDYM)"
    
    /usr/bin/codesign --force --sign 9295EFBD80BF44882C7939A5C98AAC1C4F3D44EE -o runtime --timestamp\=none --preserve-metadata\=identifier,entitlements,flags --generate-entitlement-der /Users/clevelandlewis/Library/Developer/Xcode/DerivedData/Roots-gevhpbduqwkhrjccazmpeopgipgn/Build/Products/Debug/Roots.app/Contents/Frameworks/libXCTestSwiftSupport.dylib
/Users/clevelandlewis/Library/Developer/Xcode/DerivedData/Roots-gevhpbduqwkhrjccazmpeopgipgn/Build/Products/Debug/Roots.app/Contents/Frameworks/libXCTestSwiftSupport.dylib: replacing existing signature

ProcessInfoPlistFile /Users/clevelandlewis/Library/Developer/Xcode/DerivedData/Roots-gevhpbduqwkhrjccazmpeopgipgn/Build/Products/Debug/Roots.app/Contents/Info.plist /Users/clevelandlewis/Library/Developer/Xcode/DerivedData/Roots-gevhpbduqwkhrjccazmpeopgipgn/Build/Intermediates.noindex/Roots.build/Debug/Roots.build/empty-Roots.plist (in target 'Roots' from project 'Roots')
    cd /Users/clevelandlewis/Desktop/Roots/Roots
    builtin-infoPlistUtility /Users/clevelandlewis/Library/Developer/Xcode/DerivedData/Roots-gevhpbduqwkhrjccazmpeopgipgn/Build/Intermediates.noindex/Roots.build/Debug/Roots.build/empty-Roots.plist -producttype com.apple.product-type.application -genpkginfo /Users/clevelandlewis/Library/Developer/Xcode/DerivedData/Roots-gevhpbduqwkhrjccazmpeopgipgn/Build/Products/Debug/Roots.app/Contents/PkgInfo -expandbuildsettings -platform macosx -additionalcontentfile /Users/clevelandlewis/Library/Developer/Xcode/DerivedData/Roots-gevhpbduqwkhrjccazmpeopgipgn/Build/Intermediates.noindex/Roots.build/Debug/Roots.build/assetcatalog_generated_info.plist -o /Users/clevelandlewis/Library/Developer/Xcode/DerivedData/Roots-gevhpbduqwkhrjccazmpeopgipgn/Build/Products/Debug/Roots.app/Contents/Info.plist
warning: The value for NSCalendarsFullAccessUsageDescription must be a non-empty string. (in target 'Roots' from project 'Roots')
warning: The value for NSRemindersFullAccessUsageDescription must be a non-empty string. (in target 'Roots' from project 'Roots')
warning: The value for NSFaceIDUsageDescription must be a non-empty string. (in target 'Roots' from project 'Roots')

CodeSign /Users/clevelandlewis/Library/Developer/Xcode/DerivedData/Roots-gevhpbduqwkhrjccazmpeopgipgn/Build/Products/Debug/Roots.app/Contents/Frameworks/libXCTestBundleInject.dylib (in target 'Roots' from project 'Roots')
    cd /Users/clevelandlewis/Desktop/Roots/Roots
    
    Signing Identity:     "Apple Development: lewisclevelandiii@gmail.com (U6VM6BZDYM)"
    
    /usr/bin/codesign --force --sign 9295EFBD80BF44882C7939A5C98AAC1C4F3D44EE -o runtime --timestamp\=none --preserve-metadata\=identifier,entitlements,flags --generate-entitlement-der /Users/clevelandlewis/Library/Developer/Xcode/DerivedData/Roots-gevhpbduqwkhrjccazmpeopgipgn/Build/Products/Debug/Roots.app/Contents/Frameworks/libXCTestBundleInject.dylib
/Users/clevelandlewis/Library/Developer/Xcode/DerivedData/Roots-gevhpbduqwkhrjccazmpeopgipgn/Build/Products/Debug/Roots.app/Contents/Frameworks/libXCTestBundleInject.dylib: replacing existing signature

CodeSign /Users/clevelandlewis/Library/Developer/Xcode/DerivedData/Roots-gevhpbduqwkhrjccazmpeopgipgn/Build/Products/Debug/Roots.app/Contents/Frameworks/XCUnit.framework (in target 'Roots' from project 'Roots')
    cd /Users/clevelandlewis/Desktop/Roots/Roots
    
    Signing Identity:     "Apple Development: lewisclevelandiii@gmail.com (U6VM6BZDYM)"
    
    /usr/bin/codesign --force --sign 9295EFBD80BF44882C7939A5C98AAC1C4F3D44EE -o runtime --timestamp\=none --preserve-metadata\=identifier,entitlements,flags --generate-entitlement-der /Users/clevelandlewis/Library/Developer/Xcode/DerivedData/Roots-gevhpbduqwkhrjccazmpeopgipgn/Build/Products/Debug/Roots.app/Contents/Frameworks/XCUnit.framework
/Users/clevelandlewis/Library/Developer/Xcode/DerivedData/Roots-gevhpbduqwkhrjccazmpeopgipgn/Build/Products/Debug/Roots.app/Contents/Frameworks/XCUnit.framework: replacing existing signature

CodeSign /Users/clevelandlewis/Library/Developer/Xcode/DerivedData/Roots-gevhpbduqwkhrjccazmpeopgipgn/Build/Products/Debug/Roots.app/Contents/Frameworks/XCUIAutomation.framework (in target 'Roots' from project 'Roots')
    cd /Users/clevelandlewis/Desktop/Roots/Roots
    
    Signing Identity:     "Apple Development: lewisclevelandiii@gmail.com (U6VM6BZDYM)"
    
    /usr/bin/codesign --force --sign 9295EFBD80BF44882C7939A5C98AAC1C4F3D44EE -o runtime --timestamp\=none --preserve-metadata\=identifier,entitlements,flags --generate-entitlement-der /Users/clevelandlewis/Library/Developer/Xcode/DerivedData/Roots-gevhpbduqwkhrjccazmpeopgipgn/Build/Products/Debug/Roots.app/Contents/Frameworks/XCUIAutomation.framework
/Users/clevelandlewis/Library/Developer/Xcode/DerivedData/Roots-gevhpbduqwkhrjccazmpeopgipgn/Build/Products/Debug/Roots.app/Contents/Frameworks/XCUIAutomation.framework: replacing existing signature

CodeSign /Users/clevelandlewis/Library/Developer/Xcode/DerivedData/Roots-gevhpbduqwkhrjccazmpeopgipgn/Build/Products/Debug/Roots.app/Contents/Frameworks/XCTestSupport.framework (in target 'Roots' from project 'Roots')
    cd /Users/clevelandlewis/Desktop/Roots/Roots
    
    Signing Identity:     "Apple Development: lewisclevelandiii@gmail.com (U6VM6BZDYM)"
    
    /usr/bin/codesign --force --sign 9295EFBD80BF44882C7939A5C98AAC1C4F3D44EE -o runtime --timestamp\=none --preserve-metadata\=identifier,entitlements,flags --generate-entitlement-der /Users/clevelandlewis/Library/Developer/Xcode/DerivedData/Roots-gevhpbduqwkhrjccazmpeopgipgn/Build/Products/Debug/Roots.app/Contents/Frameworks/XCTestSupport.framework
/Users/clevelandlewis/Library/Developer/Xcode/DerivedData/Roots-gevhpbduqwkhrjccazmpeopgipgn/Build/Products/Debug/Roots.app/Contents/Frameworks/XCTestSupport.framework: replacing existing signature

CodeSign /Users/clevelandlewis/Library/Developer/Xcode/DerivedData/Roots-gevhpbduqwkhrjccazmpeopgipgn/Build/Products/Debug/Roots.app/Contents/Frameworks/XCTestCore.framework (in target 'Roots' from project 'Roots')
    cd /Users/clevelandlewis/Desktop/Roots/Roots
    
    Signing Identity:     "Apple Development: lewisclevelandiii@gmail.com (U6VM6BZDYM)"
    
    /usr/bin/codesign --force --sign 9295EFBD80BF44882C7939A5C98AAC1C4F3D44EE -o runtime --timestamp\=none --preserve-metadata\=identifier,entitlements,flags --generate-entitlement-der /Users/clevelandlewis/Library/Developer/Xcode/DerivedData/Roots-gevhpbduqwkhrjccazmpeopgipgn/Build/Products/Debug/Roots.app/Contents/Frameworks/XCTestCore.framework
/Users/clevelandlewis/Library/Developer/Xcode/DerivedData/Roots-gevhpbduqwkhrjccazmpeopgipgn/Build/Products/Debug/Roots.app/Contents/Frameworks/XCTestCore.framework: replacing existing signature

CodeSign /Users/clevelandlewis/Library/Developer/Xcode/DerivedData/Roots-gevhpbduqwkhrjccazmpeopgipgn/Build/Products/Debug/Roots.app/Contents/Frameworks/XCTest.framework (in target 'Roots' from project 'Roots')
    cd /Users/clevelandlewis/Desktop/Roots/Roots
    
    Signing Identity:     "Apple Development: lewisclevelandiii@gmail.com (U6VM6BZDYM)"
    
    /usr/bin/codesign --force --sign 9295EFBD80BF44882C7939A5C98AAC1C4F3D44EE -o runtime --timestamp\=none --preserve-metadata\=identifier,entitlements,flags --generate-entitlement-der /Users/clevelandlewis/Library/Developer/Xcode/DerivedData/Roots-gevhpbduqwkhrjccazmpeopgipgn/Build/Products/Debug/Roots.app/Contents/Frameworks/XCTest.framework
/Users/clevelandlewis/Library/Developer/Xcode/DerivedData/Roots-gevhpbduqwkhrjccazmpeopgipgn/Build/Products/Debug/Roots.app/Contents/Frameworks/XCTest.framework: replacing existing signature

Ld /Users/clevelandlewis/Library/Developer/Xcode/DerivedData/Roots-gevhpbduqwkhrjccazmpeopgipgn/Build/Products/Debug/Roots.app/Contents/MacOS/Roots.debug.dylib normal (in target 'Roots' from project 'Roots')
    cd /Users/clevelandlewis/Desktop/Roots/Roots
    /Applications/Xcode.app/Contents/Developer/Toolchains/XcodeDefault.xctoolchain/usr/bin/clang -Xlinker -reproducible -target arm64-apple-macos26.1 -dynamiclib -isysroot /Applications/Xcode.app/Contents/Developer/Platforms/MacOSX.platform/Developer/SDKs/MacOSX26.1.sdk -O0 -L/Users/clevelandlewis/Library/Developer/Xcode/DerivedData/Roots-gevhpbduqwkhrjccazmpeopgipgn/Build/Intermediates.noindex/EagerLinkingTBDs/Debug -L/Users/clevelandlewis/Library/Developer/Xcode/DerivedData/Roots-gevhpbduqwkhrjccazmpeopgipgn/Build/Products/Debug -F/Users/clevelandlewis/Library/Developer/Xcode/DerivedData/Roots-gevhpbduqwkhrjccazmpeopgipgn/Build/Intermediates.noindex/EagerLinkingTBDs/Debug -F/Users/clevelandlewis/Library/Developer/Xcode/DerivedData/Roots-gevhpbduqwkhrjccazmpeopgipgn/Build/Products/Debug -filelist /Users/clevelandlewis/Library/Developer/Xcode/DerivedData/Roots-gevhpbduqwkhrjccazmpeopgipgn/Build/Intermediates.noindex/Roots.build/Debug/Roots.build/Objects-normal/arm64/Roots.LinkFileList -install_name @rpath/Roots.debug.dylib -Xlinker -rpath -Xlinker @executable_path/../Frameworks -Xlinker -object_path_lto -Xlinker /Users/clevelandlewis/Library/Developer/Xcode/DerivedData/Roots-gevhpbduqwkhrjccazmpeopgipgn/Build/Intermediates.noindex/Roots.build/Debug/Roots.build/Objects-normal/arm64/Roots_lto.o -rdynamic -Xlinker -no_deduplicate -Xlinker -debug_variant -Xlinker -dependency_info -Xlinker /Users/clevelandlewis/Library/Developer/Xcode/DerivedData/Roots-gevhpbduqwkhrjccazmpeopgipgn/Build/Intermediates.noindex/Roots.build/Debug/Roots.build/Objects-normal/arm64/Roots_dependency_info.dat -fobjc-link-runtime -fprofile-instr-generate -L/Applications/Xcode.app/Contents/Developer/Toolchains/XcodeDefault.xctoolchain/usr/lib/swift/macosx -L/usr/lib/swift -Xlinker -add_ast_path -Xlinker /Users/clevelandlewis/Library/Developer/Xcode/DerivedData/Roots-gevhpbduqwkhrjccazmpeopgipgn/Build/Intermediates.noindex/Roots.build/Debug/Roots.build/Objects-normal/arm64/Roots.swiftmodule @/Users/clevelandlewis/Library/Developer/Xcode/DerivedData/Roots-gevhpbduqwkhrjccazmpeopgipgn/Build/Intermediates.noindex/Roots.build/Debug/Roots.build/Objects-normal/arm64/Roots-linker-args.resp -Xlinker -alias -Xlinker _main -Xlinker ___debug_main_executable_dylib_entry_point -Xlinker -no_adhoc_codesign -o /Users/clevelandlewis/Library/Developer/Xcode/DerivedData/Roots-gevhpbduqwkhrjccazmpeopgipgn/Build/Products/Debug/Roots.app/Contents/MacOS/Roots.debug.dylib

CodeSign /Users/clevelandlewis/Library/Developer/Xcode/DerivedData/Roots-gevhpbduqwkhrjccazmpeopgipgn/Build/Products/Debug/Roots.app/Contents/Frameworks/XCTAutomationSupport.framework (in target 'Roots' from project 'Roots')
    cd /Users/clevelandlewis/Desktop/Roots/Roots
    
    Signing Identity:     "Apple Development: lewisclevelandiii@gmail.com (U6VM6BZDYM)"
    
    /usr/bin/codesign --force --sign 9295EFBD80BF44882C7939A5C98AAC1C4F3D44EE -o runtime --timestamp\=none --preserve-metadata\=identifier,entitlements,flags --generate-entitlement-der /Users/clevelandlewis/Library/Developer/Xcode/DerivedData/Roots-gevhpbduqwkhrjccazmpeopgipgn/Build/Products/Debug/Roots.app/Contents/Frameworks/XCTAutomationSupport.framework
/Users/clevelandlewis/Library/Developer/Xcode/DerivedData/Roots-gevhpbduqwkhrjccazmpeopgipgn/Build/Products/Debug/Roots.app/Contents/Frameworks/XCTAutomationSupport.framework: replacing existing signature

CodeSign /Users/clevelandlewis/Library/Developer/Xcode/DerivedData/Roots-gevhpbduqwkhrjccazmpeopgipgn/Build/Products/Debug/Roots.app/Contents/Frameworks/Testing.framework (in target 'Roots' from project 'Roots')
    cd /Users/clevelandlewis/Desktop/Roots/Roots
    
    Signing Identity:     "Apple Development: lewisclevelandiii@gmail.com (U6VM6BZDYM)"
    
    /usr/bin/codesign --force --sign 9295EFBD80BF44882C7939A5C98AAC1C4F3D44EE -o runtime --timestamp\=none --preserve-metadata\=identifier,entitlements,flags --generate-entitlement-der /Users/clevelandlewis/Library/Developer/Xcode/DerivedData/Roots-gevhpbduqwkhrjccazmpeopgipgn/Build/Products/Debug/Roots.app/Contents/Frameworks/Testing.framework
/Users/clevelandlewis/Library/Developer/Xcode/DerivedData/Roots-gevhpbduqwkhrjccazmpeopgipgn/Build/Products/Debug/Roots.app/Contents/Frameworks/Testing.framework: replacing existing signature

ProcessProductPackaging "" /Users/clevelandlewis/Library/Developer/Xcode/DerivedData/Roots-gevhpbduqwkhrjccazmpeopgipgn/Build/Intermediates.noindex/Roots.build/Debug/RootsUITests.build/RootsUITests.xctest.xcent (in target 'RootsUITests' from project 'Roots')
    cd /Users/clevelandlewis/Desktop/Roots/Roots
    
    Entitlements:
    
    {
    "com.apple.application-identifier" = "V9ZWYKRGTL.clewisiii.RootsUITests.xctrunner";
    "com.apple.security.app-sandbox" = 1;
    "com.apple.security.get-task-allow" = 1;
    "com.apple.security.network.client" = 1;
    "com.apple.security.temporary-exception.files.absolute-path.read-only" =     (
        "/"
    );
    "com.apple.security.temporary-exception.mach-lookup.global-name" =     (
        "com.apple.testmanagerd",
        "com.apple.dt.testmanagerd.runner",
        "com.apple.coresymbolicationd",
        "com.apple.coredevice.version",
        "com.apple.coredevice.service",
        "com.apple.remoted"
    );
    "com.apple.security.temporary-exception.mach-lookup.local-name" =     (
        "com.apple.axserver"
    );
    "com.apple.security.temporary-exception.sbpl" =     (
        "(allow hid-control)",
        "(allow signal)"
    );
}
    
    builtin-productPackagingUtility -entitlements -format xml -o /Users/clevelandlewis/Library/Developer/Xcode/DerivedData/Roots-gevhpbduqwkhrjccazmpeopgipgn/Build/Intermediates.noindex/Roots.build/Debug/RootsUITests.build/RootsUITests.xctest.xcent

ProcessProductPackagingDER /Users/clevelandlewis/Library/Developer/Xcode/DerivedData/Roots-gevhpbduqwkhrjccazmpeopgipgn/Build/Intermediates.noindex/Roots.build/Debug/RootsUITests.build/RootsUITests.xctest.xcent /Users/clevelandlewis/Library/Developer/Xcode/DerivedData/Roots-gevhpbduqwkhrjccazmpeopgipgn/Build/Intermediates.noindex/Roots.build/Debug/RootsUITests.build/RootsUITests.xctest.xcent.der (in target 'RootsUITests' from project 'Roots')
    cd /Users/clevelandlewis/Desktop/Roots/Roots
    /usr/bin/derq query -f xml -i /Users/clevelandlewis/Library/Developer/Xcode/DerivedData/Roots-gevhpbduqwkhrjccazmpeopgipgn/Build/Intermediates.noindex/Roots.build/Debug/RootsUITests.build/RootsUITests.xctest.xcent -o /Users/clevelandlewis/Library/Developer/Xcode/DerivedData/Roots-gevhpbduqwkhrjccazmpeopgipgn/Build/Intermediates.noindex/Roots.build/Debug/RootsUITests.build/RootsUITests.xctest.xcent.der --raw

SwiftDriver RootsTests normal arm64 com.apple.xcode.tools.swift.compiler (in target 'RootsTests' from project 'Roots')
    cd /Users/clevelandlewis/Desktop/Roots/Roots
    builtin-SwiftDriver -- /Applications/Xcode.app/Contents/Developer/Toolchains/XcodeDefault.xctoolchain/usr/bin/swiftc -module-name RootsTests -Onone -enforce-exclusivity\=checked @/Users/clevelandlewis/Library/Developer/Xcode/DerivedData/Roots-gevhpbduqwkhrjccazmpeopgipgn/Build/Intermediates.noindex/Roots.build/Debug/RootsTests.build/Objects-normal/arm64/RootsTests.SwiftFileList -DDEBUG -plugin-path /Applications/Xcode.app/Contents/Developer/Toolchains/XcodeDefault.xctoolchain/usr/lib/swift/host/plugins/testing -enable-bare-slash-regex -enable-upcoming-feature DisableOutwardActorInference -enable-upcoming-feature InferSendableFromCaptures -enable-upcoming-feature GlobalActorIsolatedTypesUsability -enable-upcoming-feature MemberImportVisibility -enable-upcoming-feature InferIsolatedConformances -enable-upcoming-feature NonisolatedNonsendingByDefault -enable-experimental-feature DebugDescriptionMacro -sdk /Applications/Xcode.app/Contents/Developer/Platforms/MacOSX.platform/Developer/SDKs/MacOSX26.1.sdk -target arm64-apple-macos26.1 -g -module-cache-path /Users/clevelandlewis/Library/Developer/Xcode/DerivedData/ModuleCache.noindex -Xfrontend -serialize-debugging-options -profile-coverage-mapping -profile-generate -enable-testing -index-store-path /Users/clevelandlewis/Library/Developer/Xcode/DerivedData/Roots-gevhpbduqwkhrjccazmpeopgipgn/Index.noindex/DataStore -Xcc -D_LIBCPP_HARDENING_MODE\=_LIBCPP_HARDENING_MODE_DEBUG -swift-version 5 -I /Users/clevelandlewis/Library/Developer/Xcode/DerivedData/Roots-gevhpbduqwkhrjccazmpeopgipgn/Build/Products/Debug -Isystem /Applications/Xcode.app/Contents/Developer/Platforms/MacOSX.platform/Developer/usr/lib -F /Users/clevelandlewis/Library/Developer/Xcode/DerivedData/Roots-gevhpbduqwkhrjccazmpeopgipgn/Build/Products/Debug -F /Applications/Xcode.app/Contents/Developer/Platforms/MacOSX.platform/Developer/Library/Frameworks -c -j8 -enable-batch-mode -incremental -Xcc -ivfsstatcache -Xcc /Users/clevelandlewis/Library/Developer/Xcode/DerivedData/SDKStatCaches.noindex/macosx26.1-25B74-3885c01c3e6b6a337905948deab2002e3ae1261907bdadc328169391a47051a6.sdkstatcache -output-file-map /Users/clevelandlewis/Library/Developer/Xcode/DerivedData/Roots-gevhpbduqwkhrjccazmpeopgipgn/Build/Intermediates.noindex/Roots.build/Debug/RootsTests.build/Objects-normal/arm64/RootsTests-OutputFileMap.json -use-frontend-parseable-output -save-temps -no-color-diagnostics -explicit-module-build -module-cache-path /Users/clevelandlewis/Library/Developer/Xcode/DerivedData/Roots-gevhpbduqwkhrjccazmpeopgipgn/Build/Intermediates.noindex/SwiftExplicitPrecompiledModules -clang-scanner-module-cache-path /Users/clevelandlewis/Library/Developer/Xcode/DerivedData/ModuleCache.noindex -sdk-module-cache-path /Users/clevelandlewis/Library/Developer/Xcode/DerivedData/ModuleCache.noindex -serialize-diagnostics -emit-dependencies -emit-module -emit-module-path /Users/clevelandlewis/Library/Developer/Xcode/DerivedData/Roots-gevhpbduqwkhrjccazmpeopgipgn/Build/Intermediates.noindex/Roots.build/Debug/RootsTests.build/Objects-normal/arm64/RootsTests.swiftmodule -validate-clang-modules-once -clang-build-session-file /Users/clevelandlewis/Library/Developer/Xcode/DerivedData/ModuleCache.noindex/Session.modulevalidation -Xcc -I/Users/clevelandlewis/Library/Developer/Xcode/DerivedData/Roots-gevhpbduqwkhrjccazmpeopgipgn/Build/Intermediates.noindex/Roots.build/Debug/RootsTests.build/swift-overrides.hmap -emit-const-values -Xfrontend -const-gather-protocols-file -Xfrontend /Users/clevelandlewis/Library/Developer/Xcode/DerivedData/Roots-gevhpbduqwkhrjccazmpeopgipgn/Build/Intermediates.noindex/Roots.build/Debug/RootsTests.build/Objects-normal/arm64/RootsTests_const_extract_protocols.json -Xcc -iquote -Xcc /Users/clevelandlewis/Library/Developer/Xcode/DerivedData/Roots-gevhpbduqwkhrjccazmpeopgipgn/Build/Intermediates.noindex/Roots.build/Debug/RootsTests.build/RootsTests-generated-files.hmap -Xcc -I/Users/clevelandlewis/Library/Developer/Xcode/DerivedData/Roots-gevhpbduqwkhrjccazmpeopgipgn/Build/Intermediates.noindex/Roots.build/Debug/RootsTests.build/RootsTests-own-target-headers.hmap -Xcc -I/Users/clevelandlewis/Library/Developer/Xcode/DerivedData/Roots-gevhpbduqwkhrjccazmpeopgipgn/Build/Intermediates.noindex/Roots.build/Debug/RootsTests.build/RootsTests-all-target-headers.hmap -Xcc -iquote -Xcc /Users/clevelandlewis/Library/Developer/Xcode/DerivedData/Roots-gevhpbduqwkhrjccazmpeopgipgn/Build/Intermediates.noindex/Roots.build/Debug/RootsTests.build/RootsTests-project-headers.hmap -Xcc -I/Users/clevelandlewis/Library/Developer/Xcode/DerivedData/Roots-gevhpbduqwkhrjccazmpeopgipgn/Build/Products/Debug/include -Xcc -I/Users/clevelandlewis/Library/Developer/Xcode/DerivedData/Roots-gevhpbduqwkhrjccazmpeopgipgn/Build/Intermediates.noindex/Roots.build/Debug/RootsTests.build/DerivedSources-normal/arm64 -Xcc -I/Users/clevelandlewis/Library/Developer/Xcode/DerivedData/Roots-gevhpbduqwkhrjccazmpeopgipgn/Build/Intermediates.noindex/Roots.build/Debug/RootsTests.build/DerivedSources/arm64 -Xcc -I/Users/clevelandlewis/Library/Developer/Xcode/DerivedData/Roots-gevhpbduqwkhrjccazmpeopgipgn/Build/Intermediates.noindex/Roots.build/Debug/RootsTests.build/DerivedSources -Xcc -DDEBUG\=1 -emit-objc-header -emit-objc-header-path /Users/clevelandlewis/Library/Developer/Xcode/DerivedData/Roots-gevhpbduqwkhrjccazmpeopgipgn/Build/Intermediates.noindex/Roots.build/Debug/RootsTests.build/Objects-normal/arm64/RootsTests-Swift.h -working-directory /Users/clevelandlewis/Desktop/Roots/Roots -experimental-emit-module-separately -disable-cmo

SwiftDriver RootsUITests normal arm64 com.apple.xcode.tools.swift.compiler (in target 'RootsUITests' from project 'Roots')
    cd /Users/clevelandlewis/Desktop/Roots/Roots
    builtin-SwiftDriver -- /Applications/Xcode.app/Contents/Developer/Toolchains/XcodeDefault.xctoolchain/usr/bin/swiftc -module-name RootsUITests -Onone -enforce-exclusivity\=checked @/Users/clevelandlewis/Library/Developer/Xcode/DerivedData/Roots-gevhpbduqwkhrjccazmpeopgipgn/Build/Intermediates.noindex/Roots.build/Debug/RootsUITests.build/Objects-normal/arm64/RootsUITests.SwiftFileList -DDEBUG -module-alias Testing\=_Testing_Unavailable -plugin-path /Applications/Xcode.app/Contents/Developer/Toolchains/XcodeDefault.xctoolchain/usr/lib/swift/host/plugins/testing -enable-bare-slash-regex -enable-upcoming-feature DisableOutwardActorInference -enable-upcoming-feature InferSendableFromCaptures -enable-upcoming-feature GlobalActorIsolatedTypesUsability -enable-upcoming-feature MemberImportVisibility -enable-upcoming-feature InferIsolatedConformances -enable-upcoming-feature NonisolatedNonsendingByDefault -enable-experimental-feature DebugDescriptionMacro -sdk /Applications/Xcode.app/Contents/Developer/Platforms/MacOSX.platform/Developer/SDKs/MacOSX26.1.sdk -target arm64-apple-macos26.1 -g -module-cache-path /Users/clevelandlewis/Library/Developer/Xcode/DerivedData/ModuleCache.noindex -Xfrontend -serialize-debugging-options -profile-coverage-mapping -profile-generate -enable-testing -index-store-path /Users/clevelandlewis/Library/Developer/Xcode/DerivedData/Roots-gevhpbduqwkhrjccazmpeopgipgn/Index.noindex/DataStore -Xcc -D_LIBCPP_HARDENING_MODE\=_LIBCPP_HARDENING_MODE_DEBUG -swift-version 5 -I /Users/clevelandlewis/Library/Developer/Xcode/DerivedData/Roots-gevhpbduqwkhrjccazmpeopgipgn/Build/Products/Debug -Isystem /Applications/Xcode.app/Contents/Developer/Platforms/MacOSX.platform/Developer/usr/lib -F /Users/clevelandlewis/Library/Developer/Xcode/DerivedData/Roots-gevhpbduqwkhrjccazmpeopgipgn/Build/Products/Debug -F /Applications/Xcode.app/Contents/Developer/Platforms/MacOSX.platform/Developer/Library/Frameworks -c -j8 -enable-batch-mode -incremental -Xcc -ivfsstatcache -Xcc /Users/clevelandlewis/Library/Developer/Xcode/DerivedData/SDKStatCaches.noindex/macosx26.1-25B74-3885c01c3e6b6a337905948deab2002e3ae1261907bdadc328169391a47051a6.sdkstatcache -output-file-map /Users/clevelandlewis/Library/Developer/Xcode/DerivedData/Roots-gevhpbduqwkhrjccazmpeopgipgn/Build/Intermediates.noindex/Roots.build/Debug/RootsUITests.build/Objects-normal/arm64/RootsUITests-OutputFileMap.json -use-frontend-parseable-output -save-temps -no-color-diagnostics -explicit-module-build -module-cache-path /Users/clevelandlewis/Library/Developer/Xcode/DerivedData/Roots-gevhpbduqwkhrjccazmpeopgipgn/Build/Intermediates.noindex/SwiftExplicitPrecompiledModules -clang-scanner-module-cache-path /Users/clevelandlewis/Library/Developer/Xcode/DerivedData/ModuleCache.noindex -sdk-module-cache-path /Users/clevelandlewis/Library/Developer/Xcode/DerivedData/ModuleCache.noindex -serialize-diagnostics -emit-dependencies -emit-module -emit-module-path /Users/clevelandlewis/Library/Developer/Xcode/DerivedData/Roots-gevhpbduqwkhrjccazmpeopgipgn/Build/Intermediates.noindex/Roots.build/Debug/RootsUITests.build/Objects-normal/arm64/RootsUITests.swiftmodule -validate-clang-modules-once -clang-build-session-file /Users/clevelandlewis/Library/Developer/Xcode/DerivedData/ModuleCache.noindex/Session.modulevalidation -Xcc -I/Users/clevelandlewis/Library/Developer/Xcode/DerivedData/Roots-gevhpbduqwkhrjccazmpeopgipgn/Build/Intermediates.noindex/Roots.build/Debug/RootsUITests.build/swift-overrides.hmap -emit-const-values -Xfrontend -const-gather-protocols-file -Xfrontend /Users/clevelandlewis/Library/Developer/Xcode/DerivedData/Roots-gevhpbduqwkhrjccazmpeopgipgn/Build/Intermediates.noindex/Roots.build/Debug/RootsUITests.build/Objects-normal/arm64/RootsUITests_const_extract_protocols.json -Xcc -iquote -Xcc /Users/clevelandlewis/Library/Developer/Xcode/DerivedData/Roots-gevhpbduqwkhrjccazmpeopgipgn/Build/Intermediates.noindex/Roots.build/Debug/RootsUITests.build/RootsUITests-generated-files.hmap -Xcc -I/Users/clevelandlewis/Library/Developer/Xcode/DerivedData/Roots-gevhpbduqwkhrjccazmpeopgipgn/Build/Intermediates.noindex/Roots.build/Debug/RootsUITests.build/RootsUITests-own-target-headers.hmap -Xcc -I/Users/clevelandlewis/Library/Developer/Xcode/DerivedData/Roots-gevhpbduqwkhrjccazmpeopgipgn/Build/Intermediates.noindex/Roots.build/Debug/RootsUITests.build/RootsUITests-all-target-headers.hmap -Xcc -iquote -Xcc /Users/clevelandlewis/Library/Developer/Xcode/DerivedData/Roots-gevhpbduqwkhrjccazmpeopgipgn/Build/Intermediates.noindex/Roots.build/Debug/RootsUITests.build/RootsUITests-project-headers.hmap -Xcc -I/Users/clevelandlewis/Library/Developer/Xcode/DerivedData/Roots-gevhpbduqwkhrjccazmpeopgipgn/Build/Products/Debug/include -Xcc -I/Users/clevelandlewis/Library/Developer/Xcode/DerivedData/Roots-gevhpbduqwkhrjccazmpeopgipgn/Build/Intermediates.noindex/Roots.build/Debug/RootsUITests.build/DerivedSources-normal/arm64 -Xcc -I/Users/clevelandlewis/Library/Developer/Xcode/DerivedData/Roots-gevhpbduqwkhrjccazmpeopgipgn/Build/Intermediates.noindex/Roots.build/Debug/RootsUITests.build/DerivedSources/arm64 -Xcc -I/Users/clevelandlewis/Library/Developer/Xcode/DerivedData/Roots-gevhpbduqwkhrjccazmpeopgipgn/Build/Intermediates.noindex/Roots.build/Debug/RootsUITests.build/DerivedSources -Xcc -DDEBUG\=1 -emit-objc-header -emit-objc-header-path /Users/clevelandlewis/Library/Developer/Xcode/DerivedData/Roots-gevhpbduqwkhrjccazmpeopgipgn/Build/Intermediates.noindex/Roots.build/Debug/RootsUITests.build/Objects-normal/arm64/RootsUITests-Swift.h -working-directory /Users/clevelandlewis/Desktop/Roots/Roots -experimental-emit-module-separately -disable-cmo

ConstructStubExecutorLinkFileList /Users/clevelandlewis/Library/Developer/Xcode/DerivedData/Roots-gevhpbduqwkhrjccazmpeopgipgn/Build/Intermediates.noindex/Roots.build/Debug/Roots.build/Roots-ExecutorLinkFileList-normal-arm64.txt (in target 'Roots' from project 'Roots')
    cd /Users/clevelandlewis/Desktop/Roots/Roots
    construct-stub-executor-link-file-list /Users/clevelandlewis/Library/Developer/Xcode/DerivedData/Roots-gevhpbduqwkhrjccazmpeopgipgn/Build/Products/Debug/Roots.app/Contents/MacOS/Roots.debug.dylib /Applications/Xcode.app/Contents/Developer/Platforms/MacOSX.platform/Developer/usr/lib/libPreviewsJITStubExecutor_no_swift_entry_point.a /Applications/Xcode.app/Contents/Developer/Platforms/MacOSX.platform/Developer/usr/lib/libPreviewsJITStubExecutor.a --output /Users/clevelandlewis/Library/Developer/Xcode/DerivedData/Roots-gevhpbduqwkhrjccazmpeopgipgn/Build/Intermediates.noindex/Roots.build/Debug/Roots.build/Roots-ExecutorLinkFileList-normal-arm64.txt
note: Using stub executor library with Swift entry point. (in target 'Roots' from project 'Roots')

Ld /Users/clevelandlewis/Library/Developer/Xcode/DerivedData/Roots-gevhpbduqwkhrjccazmpeopgipgn/Build/Products/Debug/Roots.app/Contents/MacOS/Roots normal (in target 'Roots' from project 'Roots')
    cd /Users/clevelandlewis/Desktop/Roots/Roots
    /Applications/Xcode.app/Contents/Developer/Toolchains/XcodeDefault.xctoolchain/usr/bin/clang -Xlinker -reproducible -target arm64-apple-macos26.1 -isysroot /Applications/Xcode.app/Contents/Developer/Platforms/MacOSX.platform/Developer/SDKs/MacOSX26.1.sdk -O0 -L/Users/clevelandlewis/Library/Developer/Xcode/DerivedData/Roots-gevhpbduqwkhrjccazmpeopgipgn/Build/Products/Debug -F/Users/clevelandlewis/Library/Developer/Xcode/DerivedData/Roots-gevhpbduqwkhrjccazmpeopgipgn/Build/Products/Debug -Xlinker -rpath -Xlinker @executable_path -Xlinker -rpath -Xlinker @executable_path/../Frameworks -rdynamic -Xlinker -no_deduplicate -Xlinker -debug_variant -e ___debug_blank_executor_main -Xlinker -sectcreate -Xlinker __TEXT -Xlinker __debug_dylib -Xlinker /Users/clevelandlewis/Library/Developer/Xcode/DerivedData/Roots-gevhpbduqwkhrjccazmpeopgipgn/Build/Intermediates.noindex/Roots.build/Debug/Roots.build/Roots-DebugDylibPath-normal-arm64.txt -Xlinker -sectcreate -Xlinker __TEXT -Xlinker __debug_instlnm -Xlinker /Users/clevelandlewis/Library/Developer/Xcode/DerivedData/Roots-gevhpbduqwkhrjccazmpeopgipgn/Build/Intermediates.noindex/Roots.build/Debug/Roots.build/Roots-DebugDylibInstallName-normal-arm64.txt -Xlinker -filelist -Xlinker /Users/clevelandlewis/Library/Developer/Xcode/DerivedData/Roots-gevhpbduqwkhrjccazmpeopgipgn/Build/Intermediates.noindex/Roots.build/Debug/Roots.build/Roots-ExecutorLinkFileList-normal-arm64.txt /Users/clevelandlewis/Library/Developer/Xcode/DerivedData/Roots-gevhpbduqwkhrjccazmpeopgipgn/Build/Products/Debug/Roots.app/Contents/MacOS/Roots.debug.dylib -Xlinker -no_adhoc_codesign -o /Users/clevelandlewis/Library/Developer/Xcode/DerivedData/Roots-gevhpbduqwkhrjccazmpeopgipgn/Build/Products/Debug/Roots.app/Contents/MacOS/Roots

CopySwiftLibs /Users/clevelandlewis/Library/Developer/Xcode/DerivedData/Roots-gevhpbduqwkhrjccazmpeopgipgn/Build/Products/Debug/Roots.app (in target 'Roots' from project 'Roots')
    cd /Users/clevelandlewis/Desktop/Roots/Roots
    builtin-swiftStdLibTool --copy --verbose --sign 9295EFBD80BF44882C7939A5C98AAC1C4F3D44EE --scan-executable /Users/clevelandlewis/Library/Developer/Xcode/DerivedData/Roots-gevhpbduqwkhrjccazmpeopgipgn/Build/Products/Debug/Roots.app/Contents/MacOS/Roots.debug.dylib --scan-folder /Users/clevelandlewis/Library/Developer/Xcode/DerivedData/Roots-gevhpbduqwkhrjccazmpeopgipgn/Build/Products/Debug/Roots.app/Contents/Frameworks --scan-folder /Users/clevelandlewis/Library/Developer/Xcode/DerivedData/Roots-gevhpbduqwkhrjccazmpeopgipgn/Build/Products/Debug/Roots.app/Contents/PlugIns --scan-folder /Users/clevelandlewis/Library/Developer/Xcode/DerivedData/Roots-gevhpbduqwkhrjccazmpeopgipgn/Build/Products/Debug/Roots.app/Contents/Library/SystemExtensions --scan-folder /Users/clevelandlewis/Library/Developer/Xcode/DerivedData/Roots-gevhpbduqwkhrjccazmpeopgipgn/Build/Products/Debug/Roots.app/Contents/Extensions --platform macosx --toolchain /var/run/com.apple.security.cryptexd/mnt/com.apple.MobileAsset.MetalToolchain-v17.2.54.0.AI18ZE/Metal.xctoolchain --toolchain /Applications/Xcode.app/Contents/Developer/Toolchains/XcodeDefault.xctoolchain --destination /Users/clevelandlewis/Library/Developer/Xcode/DerivedData/Roots-gevhpbduqwkhrjccazmpeopgipgn/Build/Products/Debug/Roots.app/Contents/Frameworks --strip-bitcode --strip-bitcode-tool /Applications/Xcode.app/Contents/Developer/Toolchains/XcodeDefault.xctoolchain/usr/bin/bitcode_strip --emit-dependency-info /Users/clevelandlewis/Library/Developer/Xcode/DerivedData/Roots-gevhpbduqwkhrjccazmpeopgipgn/Build/Intermediates.noindex/Roots.build/Debug/Roots.build/SwiftStdLibToolInputDependencies.dep --filter-for-swift-os

ExtractAppIntentsMetadata (in target 'Roots' from project 'Roots')
    cd /Users/clevelandlewis/Desktop/Roots/Roots
    /Applications/Xcode.app/Contents/Developer/Toolchains/XcodeDefault.xctoolchain/usr/bin/appintentsmetadataprocessor --toolchain-dir /var/run/com.apple.security.cryptexd/mnt/com.apple.MobileAsset.MetalToolchain-v17.2.54.0.AI18ZE/Metal.xctoolchain --module-name Roots --sdk-root /Applications/Xcode.app/Contents/Developer/Platforms/MacOSX.platform/Developer/SDKs/MacOSX26.1.sdk --xcode-version 17B100 --platform-family macOS --deployment-target 26.1 --bundle-identifier clewisiii.Roots --output /Users/clevelandlewis/Library/Developer/Xcode/DerivedData/Roots-gevhpbduqwkhrjccazmpeopgipgn/Build/Products/Debug/Roots.app/Contents/Resources --target-triple arm64-apple-macos26.1 --binary-file /Users/clevelandlewis/Library/Developer/Xcode/DerivedData/Roots-gevhpbduqwkhrjccazmpeopgipgn/Build/Products/Debug/Roots.app/Contents/MacOS/Roots --dependency-file /Users/clevelandlewis/Library/Developer/Xcode/DerivedData/Roots-gevhpbduqwkhrjccazmpeopgipgn/Build/Intermediates.noindex/Roots.build/Debug/Roots.build/Objects-normal/arm64/Roots_dependency_info.dat --stringsdata-file /Users/clevelandlewis/Library/Developer/Xcode/DerivedData/Roots-gevhpbduqwkhrjccazmpeopgipgn/Build/Intermediates.noindex/Roots.build/Debug/Roots.build/Objects-normal/arm64/ExtractedAppShortcutsMetadata.stringsdata --source-file-list /Users/clevelandlewis/Library/Developer/Xcode/DerivedData/Roots-gevhpbduqwkhrjccazmpeopgipgn/Build/Intermediates.noindex/Roots.build/Debug/Roots.build/Objects-normal/arm64/Roots.SwiftFileList --metadata-file-list /Users/clevelandlewis/Library/Developer/Xcode/DerivedData/Roots-gevhpbduqwkhrjccazmpeopgipgn/Build/Intermediates.noindex/Roots.build/Debug/Roots.build/Roots.DependencyMetadataFileList --static-metadata-file-list /Users/clevelandlewis/Library/Developer/Xcode/DerivedData/Roots-gevhpbduqwkhrjccazmpeopgipgn/Build/Intermediates.noindex/Roots.build/Debug/Roots.build/Roots.DependencyStaticMetadataFileList --swift-const-vals-list /Users/clevelandlewis/Library/Developer/Xcode/DerivedData/Roots-gevhpbduqwkhrjccazmpeopgipgn/Build/Intermediates.noindex/Roots.build/Debug/Roots.build/Objects-normal/arm64/Roots.SwiftConstValuesFileList --compile-time-extraction --deployment-aware-processing --validate-assistant-intents --no-app-shortcuts-localization
2025-12-09 15:27:38.495 appintentsmetadataprocessor[66561:2393413] Starting appintentsmetadataprocessor export
2025-12-09 15:27:38.547 appintentsmetadataprocessor[66561:2393413] warning: Metadata extraction skipped. No AppIntents.framework dependency found.

CpResource /Users/clevelandlewis/Library/Developer/Xcode/DerivedData/Roots-gevhpbduqwkhrjccazmpeopgipgn/Build/Products/Debug/Roots.app/Contents/PlugIns/RootsTests.xctest/Contents/Resources/FileProtectionTests.swift.bak /Users/clevelandlewis/Desktop/Roots/Roots/RootsTests/FileProtectionTests.swift.bak (in target 'RootsTests' from project 'Roots')
    cd /Users/clevelandlewis/Desktop/Roots/Roots
    builtin-copy -exclude .DS_Store -exclude CVS -exclude .svn -exclude .git -exclude .hg -resolve-src-symlinks /Users/clevelandlewis/Desktop/Roots/Roots/RootsTests/FileProtectionTests.swift.bak /Users/clevelandlewis/Library/Developer/Xcode/DerivedData/Roots-gevhpbduqwkhrjccazmpeopgipgn/Build/Products/Debug/Roots.app/Contents/PlugIns/RootsTests.xctest/Contents/Resources

CpResource /Users/clevelandlewis/Library/Developer/Xcode/DerivedData/Roots-gevhpbduqwkhrjccazmpeopgipgn/Build/Products/Debug/Roots.app/Contents/PlugIns/RootsTests.xctest/Contents/Resources/RootsTests.swift.bak /Users/clevelandlewis/Desktop/Roots/Roots/RootsTests/RootsTests.swift.bak (in target 'RootsTests' from project 'Roots')
    cd /Users/clevelandlewis/Desktop/Roots/Roots
    builtin-copy -exclude .DS_Store -exclude CVS -exclude .svn -exclude .git -exclude .hg -resolve-src-symlinks /Users/clevelandlewis/Desktop/Roots/Roots/RootsTests/RootsTests.swift.bak /Users/clevelandlewis/Library/Developer/Xcode/DerivedData/Roots-gevhpbduqwkhrjccazmpeopgipgn/Build/Products/Debug/Roots.app/Contents/PlugIns/RootsTests.xctest/Contents/Resources

ProcessInfoPlistFile /Users/clevelandlewis/Library/Developer/Xcode/DerivedData/Roots-gevhpbduqwkhrjccazmpeopgipgn/Build/Products/Debug/Roots.app/Contents/PlugIns/RootsTests.xctest/Contents/Info.plist /Users/clevelandlewis/Library/Developer/Xcode/DerivedData/Roots-gevhpbduqwkhrjccazmpeopgipgn/Build/Intermediates.noindex/Roots.build/Debug/RootsTests.build/empty-RootsTests.plist (in target 'RootsTests' from project 'Roots')
    cd /Users/clevelandlewis/Desktop/Roots/Roots
    builtin-infoPlistUtility /Users/clevelandlewis/Library/Developer/Xcode/DerivedData/Roots-gevhpbduqwkhrjccazmpeopgipgn/Build/Intermediates.noindex/Roots.build/Debug/RootsTests.build/empty-RootsTests.plist -producttype com.apple.product-type.bundle.unit-test -expandbuildsettings -platform macosx -o /Users/clevelandlewis/Library/Developer/Xcode/DerivedData/Roots-gevhpbduqwkhrjccazmpeopgipgn/Build/Products/Debug/Roots.app/Contents/PlugIns/RootsTests.xctest/Contents/Info.plist

CpResource /Users/clevelandlewis/Library/Developer/Xcode/DerivedData/Roots-gevhpbduqwkhrjccazmpeopgipgn/Build/Products/Debug/Roots.app/Contents/PlugIns/RootsTests.xctest/Contents/Resources/CoursesStoreTests.swift.bak /Users/clevelandlewis/Desktop/Roots/Roots/RootsTests/CoursesStoreTests.swift.bak (in target 'RootsTests' from project 'Roots')
    cd /Users/clevelandlewis/Desktop/Roots/Roots
    builtin-copy -exclude .DS_Store -exclude CVS -exclude .svn -exclude .git -exclude .hg -resolve-src-symlinks /Users/clevelandlewis/Desktop/Roots/Roots/RootsTests/CoursesStoreTests.swift.bak /Users/clevelandlewis/Library/Developer/Xcode/DerivedData/Roots-gevhpbduqwkhrjccazmpeopgipgn/Build/Products/Debug/Roots.app/Contents/PlugIns/RootsTests.xctest/Contents/Resources

SwiftExplicitDependencyGeneratePcm arm64 /Users/clevelandlewis/Library/Developer/Xcode/DerivedData/Roots-gevhpbduqwkhrjccazmpeopgipgn/Build/Intermediates.noindex/SwiftExplicitPrecompiledModules/XCUIAutomation-AP0A359Q70DPYVCNZ54T5AGWD.pcm

SwiftExplicitDependencyCompileModuleFromInterface arm64 /Users/clevelandlewis/Library/Developer/Xcode/DerivedData/Roots-gevhpbduqwkhrjccazmpeopgipgn/Build/Intermediates.noindex/SwiftExplicitPrecompiledModules/Testing-2DE5FW9SEMKNC.swiftmodule

SwiftExplicitDependencyCompileModuleFromInterface arm64 /Users/clevelandlewis/Library/Developer/Xcode/DerivedData/Roots-gevhpbduqwkhrjccazmpeopgipgn/Build/Intermediates.noindex/SwiftExplicitPrecompiledModules/XCUIAutomation-2D8YMVGTW65DI.swiftmodule

SwiftExplicitDependencyGeneratePcm arm64 /Users/clevelandlewis/Library/Developer/Xcode/DerivedData/Roots-gevhpbduqwkhrjccazmpeopgipgn/Build/Intermediates.noindex/SwiftExplicitPrecompiledModules/XCTest-98JA5WLZVW1ZO7X249JHFGD41.pcm

SwiftExplicitDependencyCompileModuleFromInterface arm64 /Users/clevelandlewis/Library/Developer/Xcode/DerivedData/Roots-gevhpbduqwkhrjccazmpeopgipgn/Build/Intermediates.noindex/SwiftExplicitPrecompiledModules/XCTest-1ZL5EYW5U1AIC.swiftmodule

SwiftCompile normal arm64 Compiling\ RootsUITests.swift /Users/clevelandlewis/Desktop/Roots/Roots/RootsUITests/RootsUITests.swift (in target 'RootsUITests' from project 'Roots')

SwiftCompile normal arm64 /Users/clevelandlewis/Desktop/Roots/Roots/RootsUITests/RootsUITests.swift (in target 'RootsUITests' from project 'Roots')
    cd /Users/clevelandlewis/Desktop/Roots/Roots
    

SwiftCompile normal arm64 Compiling\ RootsUITestsLaunchTests.swift /Users/clevelandlewis/Desktop/Roots/Roots/RootsUITests/RootsUITestsLaunchTests.swift (in target 'RootsUITests' from project 'Roots')
SwiftCompile normal arm64 /Users/clevelandlewis/Desktop/Roots/Roots/RootsUITests/RootsUITestsLaunchTests.swift (in target 'RootsUITests' from project 'Roots')
    cd /Users/clevelandlewis/Desktop/Roots/Roots
    

SwiftCompile normal arm64 Compiling\ CoursesStoreTests.swift /Users/clevelandlewis/Desktop/Roots/Roots/RootsTests/CoursesStoreTests.swift (in target 'RootsTests' from project 'Roots')
SwiftCompile normal arm64 /Users/clevelandlewis/Desktop/Roots/Roots/RootsTests/CoursesStoreTests.swift (in target 'RootsTests' from project 'Roots')
    cd /Users/clevelandlewis/Desktop/Roots/Roots
    
/Users/clevelandlewis/Desktop/Roots/Roots/RootsTests/CoursesStoreTests.swift:10:9: warning: code after 'throw' will never be executed
        let tmpDir = FileManager.default.temporaryDirectory.appendingPathComponent(UUID().uuidString, isDirectory: true)
        ^

SwiftCompile normal arm64 Compiling\ RootsSmokeTests.swift /Users/clevelandlewis/Desktop/Roots/Roots/RootsUITests/RootsSmokeTests.swift (in target 'RootsUITests' from project 'Roots')

SwiftCompile normal arm64 /Users/clevelandlewis/Desktop/Roots/Roots/RootsUITests/RootsSmokeTests.swift (in target 'RootsUITests' from project 'Roots')
    cd /Users/clevelandlewis/Desktop/Roots/Roots
    

SwiftCompile normal arm64 Compiling\ DiagnosticTests.swift /Users/clevelandlewis/Desktop/Roots/Roots/RootsTests/DiagnosticTests.swift (in target 'RootsTests' from project 'Roots')
SwiftCompile normal arm64 /Users/clevelandlewis/Desktop/Roots/Roots/RootsTests/DiagnosticTests.swift (in target 'RootsTests' from project 'Roots')
    cd /Users/clevelandlewis/Desktop/Roots/Roots
    
/Users/clevelandlewis/Desktop/Roots/Roots/RootsTests/DiagnosticTests.swift:18:28: error: call to main actor-isolated initializer 'init(storageURL:)' in a synchronous nonisolated context
        let coursesStore = CoursesStore(storageURL: coursesURL)
                           ^
Roots.CoursesStore.init:2:21: note: calls to initializer 'init(storageURL:)' from outside of its actor context are implicitly asynchronous
@MainActor internal init(storageURL: URL? = nil)}
                    ^
/Users/clevelandlewis/Desktop/Roots/Roots/RootsTests/DiagnosticTests.swift:6:10: note: add '@MainActor' to make instance method 'testHealthCheckReportsNoIssuesInCleanState()' part of global actor 'MainActor'
    func testHealthCheckReportsNoIssuesInCleanState() throws {
         ^
    @MainActor 
/Users/clevelandlewis/Desktop/Roots/Roots/RootsTests/DiagnosticTests.swift:21:47: warning: main actor-isolated class property 'shared' can not be referenced from a nonisolated context; this is an error in the Swift 6 language mode
        let calendarManager = CalendarManager.shared
                                              ^
Roots.CalendarManager.shared:2:31: note: class property declared here
@MainActor internal class let shared: Roots.CalendarManager}
                              ^
/Users/clevelandlewis/Desktop/Roots/Roots/RootsTests/DiagnosticTests.swift:6:10: note: add '@MainActor' to make instance method 'testHealthCheckReportsNoIssuesInCleanState()' part of global actor 'MainActor'
    func testHealthCheckReportsNoIssuesInCleanState() throws {
         ^
    @MainActor 
/Users/clevelandlewis/Desktop/Roots/Roots/RootsTests/DiagnosticTests.swift:22:25: error: main actor-isolated property 'isAuthorized' can not be mutated from a nonisolated context
        calendarManager.isAuthorized = false
                        ^
Roots.CalendarManager.isAuthorized:2:36: note: mutation of this property is only permitted within the actor
@Published @MainActor internal var isAuthorized: Bool { get set }}
                                   ^
/Users/clevelandlewis/Desktop/Roots/Roots/RootsTests/DiagnosticTests.swift:6:10: note: add '@MainActor' to make instance method 'testHealthCheckReportsNoIssuesInCleanState()' part of global actor 'MainActor'
    func testHealthCheckReportsNoIssuesInCleanState() throws {
         ^
    @MainActor 
/Users/clevelandlewis/Desktop/Roots/Roots/RootsTests/DiagnosticTests.swift:24:24: error: call to main actor-isolated initializer 'init(dataManager:calendarManager:assignmentsStore:documentsDirectory:tasksFileURL:coursesFileURL:authorizationStatusProvider:)' in a synchronous nonisolated context
        let debugger = AppDebugger(
                       ^
Roots.AppDebugger.init:2:21: note: calls to initializer 'init(dataManager:calendarManager:assignmentsStore:documentsDirectory:tasksFileURL:coursesFileURL:authorizationStatusProvider:)' from outside of its actor context are implicitly asynchronous
@MainActor internal init(dataManager: Roots.CoursesStore? = nil, calendarManager: Roots.CalendarManager? = nil, assignmentsStore: Roots.AssignmentsStore? = nil, documentsDirectory: URL? = FileManager.default.urls(for: .documentDirectory, in: .userDomainMask).first, tasksFileURL: URL? = nil, coursesFileURL: URL? = nil, authorizationStatusProvider: @escaping () -> (EKAuthorizationStatus, EKAuthorizationStatus) = {
                    ^
/Users/clevelandlewis/Desktop/Roots/Roots/RootsTests/DiagnosticTests.swift:6:10: note: add '@MainActor' to make instance method 'testHealthCheckReportsNoIssuesInCleanState()' part of global actor 'MainActor'
    func testHealthCheckReportsNoIssuesInCleanState() throws {
         ^
    @MainActor 
/Users/clevelandlewis/Desktop/Roots/Roots/RootsTests/DiagnosticTests.swift:34:31: error: call to main actor-isolated instance method 'runFullDiagnostic(dataManager:calendarManager:assignmentsStore:documentsDirectory:tasksFileURL:coursesFileURL:authorizationStatusProvider:)' in a synchronous nonisolated context
        let report = debugger.runFullDiagnostic()
                              ^
Roots.AppDebugger.runFullDiagnostic:2:26: note: calls to instance method 'runFullDiagnostic(dataManager:calendarManager:assignmentsStore:documentsDirectory:tasksFileURL:coursesFileURL:authorizationStatusProvider:)' from outside of its actor context are implicitly asynchronous
@MainActor internal func runFullDiagnostic(dataManager: Roots.CoursesStore? = nil, calendarManager: Roots.CalendarManager? = nil, assignmentsStore: Roots.AssignmentsStore? = nil, documentsDirectory: URL? = nil, tasksFileURL: URL? = nil, coursesFileURL: URL? = nil, authorizationStatusProvider: (() -> (EKAuthorizationStatus, EKAuthorizationStatus))? = nil) -> Roots.DiagnosticReport}
                         ^
/Users/clevelandlewis/Desktop/Roots/Roots/RootsTests/DiagnosticTests.swift:6:10: note: add '@MainActor' to make instance method 'testHealthCheckReportsNoIssuesInCleanState()' part of global actor 'MainActor'
    func testHealthCheckReportsNoIssuesInCleanState() throws {
         ^
    @MainActor 

Failed frontend command:
/Applications/Xcode.app/Contents/Developer/Toolchains/XcodeDefault.xctoolchain/usr/bin/swift-frontend -frontend -c /Users/clevelandlewis/Desktop/Roots/Roots/RootsTests/CoursesStoreTests.swift -primary-file /Users/clevelandlewis/Desktop/Roots/Roots/RootsTests/DiagnosticTests.swift /Users/clevelandlewis/Desktop/Roots/Roots/RootsTests/FileProtectionTests.swift /Users/clevelandlewis/Desktop/Roots/Roots/RootsTests/RootsTests.swift /Users/clevelandlewis/Desktop/Roots/Roots/RootsTests/StudyPlannerTests.swift -emit-dependencies-path /Users/clevelandlewis/Library/Developer/Xcode/DerivedData/Roots-gevhpbduqwkhrjccazmpeopgipgn/Build/Intermediates.noindex/Roots.build/Debug/RootsTests.build/Objects-normal/arm64/DiagnosticTests.d -emit-const-values-path /Users/clevelandlewis/Library/Developer/Xcode/DerivedData/Roots-gevhpbduqwkhrjccazmpeopgipgn/Build/Intermediates.noindex/Roots.build/Debug/RootsTests.build/Objects-normal/arm64/DiagnosticTests.swiftconstvalues -emit-reference-dependencies-path /Users/clevelandlewis/Library/Developer/Xcode/DerivedData/Roots-gevhpbduqwkhrjccazmpeopgipgn/Build/Intermediates.noindex/Roots.build/Debug/RootsTests.build/Objects-normal/arm64/DiagnosticTests.swiftdeps -serialize-diagnostics-path /Users/clevelandlewis/Library/Developer/Xcode/DerivedData/Roots-gevhpbduqwkhrjccazmpeopgipgn/Build/Intermediates.noindex/Roots.build/Debug/RootsTests.build/Objects-normal/arm64/DiagnosticTests.dia -target arm64-apple-macos26.1 -load-resolved-plugin /Applications/Xcode.app/Contents/Developer/Platforms/MacOSX.platform/Developer/usr/lib/swift/host/plugins/libFoundationMacros.dylib\#/Applications/Xcode.app/Contents/Developer/Platforms/MacOSX.platform/Developer/usr/bin/swift-plugin-server\#FoundationMacros -load-resolved-plugin /Applications/Xcode.app/Contents/Developer/Platforms/MacOSX.platform/Developer/usr/lib/swift/host/plugins/libObservationMacros.dylib\#/Applications/Xcode.app/Contents/Developer/Platforms/MacOSX.platform/Developer/usr/bin/swift-plugin-server\#ObservationMacros -load-resolved-plugin /Applications/Xcode.app/Contents/Developer/Platforms/MacOSX.platform/Developer/usr/lib/swift/host/plugins/libPreviewsMacros.dylib\#/Applications/Xcode.app/Contents/Developer/Platforms/MacOSX.platform/Developer/usr/bin/swift-plugin-server\#PreviewsMacros -load-resolved-plugin /Applications/Xcode.app/Contents/Developer/Platforms/MacOSX.platform/Developer/usr/lib/swift/host/plugins/libSwiftDataMacros.dylib\#/Applications/Xcode.app/Contents/Developer/Platforms/MacOSX.platform/Developer/usr/bin/swift-plugin-server\#SwiftDataMacros -load-resolved-plugin /Applications/Xcode.app/Contents/Developer/Platforms/MacOSX.platform/Developer/usr/lib/swift/host/plugins/libSwiftMacros.dylib\#/Applications/Xcode.app/Contents/Developer/Platforms/MacOSX.platform/Developer/usr/bin/swift-plugin-server\#SwiftMacros -load-resolved-plugin /Applications/Xcode.app/Contents/Developer/Platforms/MacOSX.platform/Developer/usr/lib/swift/host/plugins/libSwiftUIMacros.dylib\#/Applications/Xcode.app/Contents/Developer/Platforms/MacOSX.platform/Developer/usr/bin/swift-plugin-server\#SwiftUIMacros -load-resolved-plugin /Applications/Xcode.app/Contents/Developer/Toolchains/XcodeDefault.xctoolchain/usr/lib/swift/host/plugins/testing/libTestingMacros.dylib\#\#TestingMacros -disable-implicit-swift-modules -Xcc -fno-implicit-modules -Xcc -fno-implicit-module-maps -explicit-swift-module-map-file /Users/clevelandlewis/Library/Developer/Xcode/DerivedData/Roots-gevhpbduqwkhrjccazmpeopgipgn/Build/Intermediates.noindex/Roots.build/Debug/RootsTests.build/Objects-normal/arm64/RootsTests-dependencies-1.json -Xllvm -aarch64-use-tbi -enable-objc-interop -stack-check -sdk /Applications/Xcode.app/Contents/Developer/Platforms/MacOSX.platform/Developer/SDKs/MacOSX26.1.sdk -I /Users/clevelandlewis/Library/Developer/Xcode/DerivedData/Roots-gevhpbduqwkhrjccazmpeopgipgn/Build/Products/Debug -Isystem /Applications/Xcode.app/Contents/Developer/Platforms/MacOSX.platform/Developer/usr/lib -F /Users/clevelandlewis/Library/Developer/Xcode/DerivedData/Roots-gevhpbduqwkhrjccazmpeopgipgn/Build/Products/Debug -F /Applications/Xcode.app/Contents/Developer/Platforms/MacOSX.platform/Developer/Library/Frameworks -no-color-diagnostics -Xcc -fno-color-diagnostics -enable-testing -g -debug-info-format\=dwarf -dwarf-version\=5 -module-cache-path /Users/clevelandlewis/Library/Developer/Xcode/DerivedData/Roots-gevhpbduqwkhrjccazmpeopgipgn/Build/Intermediates.noindex/SwiftExplicitPrecompiledModules -profile-generate -profile-coverage-mapping -swift-version 5 -enforce-exclusivity\=checked -Onone -D DEBUG -serialize-debugging-options -const-gather-protocols-file /Users/clevelandlewis/Library/Developer/Xcode/DerivedData/Roots-gevhpbduqwkhrjccazmpeopgipgn/Build/Intermediates.noindex/Roots.build/Debug/RootsTests.build/Objects-normal/arm64/RootsTests_const_extract_protocols.json -enable-upcoming-feature DisableOutwardActorInference -enable-upcoming-feature InferSendableFromCaptures -enable-upcoming-feature GlobalActorIsolatedTypesUsability -enable-upcoming-feature MemberImportVisibility -enable-upcoming-feature InferIsolatedConformances -enable-upcoming-feature NonisolatedNonsendingByDefault -enable-experimental-feature DebugDescriptionMacro -enable-bare-slash-regex -empty-abi-descriptor -validate-clang-modules-once -clang-build-session-file /Users/clevelandlewis/Library/Developer/Xcode/DerivedData/ModuleCache.noindex/Session.modulevalidation -Xcc -working-directory -Xcc /Users/clevelandlewis/Desktop/Roots/Roots -enable-anonymous-context-mangled-names -file-compilation-dir /Users/clevelandlewis/Desktop/Roots/Roots -Xcc -D_LIBCPP_HARDENING_MODE\=_LIBCPP_HARDENING_MODE_DEBUG -Xcc -ivfsstatcache -Xcc /Users/clevelandlewis/Library/Developer/Xcode/DerivedData/SDKStatCaches.noindex/macosx26.1-25B74-3885c01c3e6b6a337905948deab2002e3ae1261907bdadc328169391a47051a6.sdkstatcache -Xcc -I/Users/clevelandlewis/Library/Developer/Xcode/DerivedData/Roots-gevhpbduqwkhrjccazmpeopgipgn/Build/Intermediates.noindex/Roots.build/Debug/RootsTests.build/swift-overrides.hmap -Xcc -iquote -Xcc /Users/clevelandlewis/Library/Developer/Xcode/DerivedData/Roots-gevhpbduqwkhrjccazmpeopgipgn/Build/Intermediates.noindex/Roots.build/Debug/RootsTests.build/RootsTests-generated-files.hmap -Xcc -I/Users/clevelandlewis/Library/Developer/Xcode/DerivedData/Roots-gevhpbduqwkhrjccazmpeopgipgn/Build/Intermediates.noindex/Roots.build/Debug/RootsTests.build/RootsTests-own-target-headers.hmap -Xcc -I/Users/clevelandlewis/Library/Developer/Xcode/DerivedData/Roots-gevhpbduqwkhrjccazmpeopgipgn/Build/Intermediates.noindex/Roots.build/Debug/RootsTests.build/RootsTests-all-target-headers.hmap -Xcc -iquote -Xcc /Users/clevelandlewis/Library/Developer/Xcode/DerivedData/Roots-gevhpbduqwkhrjccazmpeopgipgn/Build/Intermediates.noindex/Roots.build/Debug/RootsTests.build/RootsTests-project-headers.hmap -Xcc -I/Users/clevelandlewis/Library/Developer/Xcode/DerivedData/Roots-gevhpbduqwkhrjccazmpeopgipgn/Build/Products/Debug/include -Xcc -I/Users/clevelandlewis/Library/Developer/Xcode/DerivedData/Roots-gevhpbduqwkhrjccazmpeopgipgn/Build/Intermediates.noindex/Roots.build/Debug/RootsTests.build/DerivedSources-normal/arm64 -Xcc -I/Users/clevelandlewis/Library/Developer/Xcode/DerivedData/Roots-gevhpbduqwkhrjccazmpeopgipgn/Build/Intermediates.noindex/Roots.build/Debug/RootsTests.build/DerivedSources/arm64 -Xcc -I/Users/clevelandlewis/Library/Developer/Xcode/DerivedData/Roots-gevhpbduqwkhrjccazmpeopgipgn/Build/Intermediates.noindex/Roots.build/Debug/RootsTests.build/DerivedSources -Xcc -DDEBUG\=1 -no-auto-bridging-header-chaining -module-name RootsTests -frontend-parseable-output -disable-clang-spi -target-sdk-version 26.1 -target-sdk-name macosx26.1 -clang-target arm64-apple-macos26.1 -in-process-plugin-server-path /Applications/Xcode.app/Contents/Developer/Toolchains/XcodeDefault.xctoolchain/usr/lib/swift/host/libSwiftInProcPluginServer.dylib -o /Users/clevelandlewis/Library/Developer/Xcode/DerivedData/Roots-gevhpbduqwkhrjccazmpeopgipgn/Build/Intermediates.noindex/Roots.build/Debug/RootsTests.build/Objects-normal/arm64/DiagnosticTests.o -index-unit-output-path /Roots.build/Debug/RootsTests.build/Objects-normal/arm64/DiagnosticTests.o -index-store-path /Users/clevelandlewis/Library/Developer/Xcode/DerivedData/Roots-gevhpbduqwkhrjccazmpeopgipgn/Index.noindex/DataStore -index-system-modules
SwiftCompile normal arm64 Compiling\ StudyPlannerTests.swift /Users/clevelandlewis/Desktop/Roots/Roots/RootsTests/StudyPlannerTests.swift (in target 'RootsTests' from project 'Roots')
SwiftCompile normal arm64 /Users/clevelandlewis/Desktop/Roots/Roots/RootsTests/StudyPlannerTests.swift (in target 'RootsTests' from project 'Roots')
    cd /Users/clevelandlewis/Desktop/Roots/Roots
    

SwiftEmitModule normal arm64 Emitting\ module\ for\ RootsTests (in target 'RootsTests' from project 'Roots')
EmitSwiftModule normal arm64 (in target 'RootsTests' from project 'Roots')
    cd /Users/clevelandlewis/Desktop/Roots/Roots
    

SwiftEmitModule normal arm64 Emitting\ module\ for\ RootsUITests (in target 'RootsUITests' from project 'Roots')

EmitSwiftModule normal arm64 (in target 'RootsUITests' from project 'Roots')
    cd /Users/clevelandlewis/Desktop/Roots/Roots
    

SwiftCompile normal arm64 Compiling\ RootsTests.swift /Users/clevelandlewis/Desktop/Roots/Roots/RootsTests/RootsTests.swift (in target 'RootsTests' from project 'Roots')

SwiftCompile normal arm64 Compiling\ FileProtectionTests.swift /Users/clevelandlewis/Desktop/Roots/Roots/RootsTests/FileProtectionTests.swift (in target 'RootsTests' from project 'Roots')

SwiftDriverJobDiscovery normal arm64 Compiling RootsUITests.swift (in target 'RootsUITests' from project 'Roots')

SwiftDriverJobDiscovery normal arm64 Emitting module for RootsUITests (in target 'RootsUITests' from project 'Roots')


Test session results, code coverage, and logs:
	/Users/clevelandlewis/Library/Developer/Xcode/DerivedData/Roots-gevhpbduqwkhrjccazmpeopgipgn/Logs/Test/Test-Roots-2025.12.09_15-27-31--0500.xcresult

Testing failed:
	Call to main actor-isolated initializer 'init(storageURL:)' in a synchronous nonisolated context
	Main actor-isolated property 'isAuthorized' can not be mutated from a nonisolated context
	Call to main actor-isolated initializer 'init(dataManager:calendarManager:assignmentsStore:documentsDirectory:tasksFileURL:coursesFileURL:authorizationStatusProvider:)' in a synchronous nonisolated context
	Call to main actor-isolated instance method 'runFullDiagnostic(dataManager:calendarManager:assignmentsStore:documentsDirectory:tasksFileURL:coursesFileURL:authorizationStatusProvider:)' in a synchronous nonisolated context
	Testing cancelled because the build failed.

** TEST FAILED **


The following build commands failed:
	SwiftCompile normal arm64 /Users/clevelandlewis/Desktop/Roots/Roots/RootsTests/DiagnosticTests.swift (in target 'RootsTests' from project 'Roots')
	SwiftCompile normal arm64 Compiling\ DiagnosticTests.swift /Users/clevelandlewis/Desktop/Roots/Roots/RootsTests/DiagnosticTests.swift (in target 'RootsTests' from project 'Roots')
	Testing project Roots with scheme Roots
(3 failures)
